<?xml version="1.0" encoding="UTF-8"?>
<!-- Generated by org.testng.reporters.JUnitReportReporter -->
<testsuite hostname="DESKTOP-9JTIR56" failures="0" tests="2" name="tests.AccountCreate6" time="6.094" errors="0" timestamp="2022-12-02T13:07:31 BDT" skipped="0">
  <testcase classname="tests.AccountCreate6" name="OrderAccount" time="2.216"/>
  <system-out/>
  <testcase classname="tests.AccountCreate6" name="ConfirmPreOrder" time="3.878"/>
  <system-out/>
</testsuite> <!-- tests.AccountCreate6 -->
