<?xml version="1.0" encoding="UTF-8"?>
<!-- Generated by org.testng.reporters.JUnitReportReporter -->
<testsuite hostname="DESKTOP-9JTIR56" failures="0" tests="8" name="tests.AccountCreate7" time="27.309" errors="0" timestamp="2022-12-02T13:07:31 BDT" skipped="0">
  <testcase classname="tests.AccountCreate7" name="SelectDistrict" time="2.179"/>
  <system-out/>
  <testcase classname="tests.AccountCreate7" name="DisRajAccount" time="2.116"/>
  <system-out/>
  <testcase classname="tests.AccountCreate7" name="AreaAccount" time="2.168"/>
  <system-out/>
  <testcase classname="tests.AccountCreate7" name="AreaNameAccount" time="2.119"/>
  <system-out/>
  <testcase classname="tests.AccountCreate7" name="AddressAccount" time="2.243"/>
  <system-out/>
  <testcase classname="tests.AccountCreate7" name="CommentAccount" time="12.180"/>
  <system-out/>
  <testcase classname="tests.AccountCreate7" name="PaymentAccount" time="2.130"/>
  <system-out/>
  <testcase classname="tests.AccountCreate7" name="ClickOnorderSystem" time="2.174"/>
  <system-out/>
</testsuite> <!-- tests.AccountCreate7 -->
