<?xml version="1.0" encoding="UTF-8"?>
<!-- Generated by org.testng.reporters.JUnitReportReporter -->
<testsuite hostname="DESKTOP-9JTIR56" failures="0" tests="3" name="tests.AccountCreate5" time="8.397" errors="0" timestamp="2022-12-02T13:07:31 BDT" skipped="0">
  <testcase classname="tests.AccountCreate5" name="createLogIn" time="2.166"/>
  <system-out/>
  <testcase classname="tests.AccountCreate5" name="ClickPasswordIn" time="2.191"/>
  <system-out/>
  <testcase classname="tests.AccountCreate5" name="ClickLogInPageButton" time="4.040"/>
  <system-out/>
</testsuite> <!-- tests.AccountCreate5 -->
