<?xml version="1.0" encoding="UTF-8"?>
<!-- Generated by org.testng.reporters.JUnitReportReporter -->
<testsuite hostname="DESKTOP-9JTIR56" failures="0" tests="2" name="tests.AccountCreate3" time="16.935" errors="0" timestamp="2022-12-02T13:07:31 BDT" skipped="0">
  <testcase classname="tests.AccountCreate3" name="Selectpage" time="6.381"/>
  <system-out/>
  <testcase classname="tests.AccountCreate3" name="SelectCat" time="10.554"/>
  <system-out/>
</testsuite> <!-- tests.AccountCreate3 -->
