<?xml version="1.0" encoding="UTF-8"?>
<!-- Generated by org.testng.reporters.JUnitReportReporter -->
<testsuite hostname="DESKTOP-9JTIR56" failures="0" tests="1" name="tests.AccountCreate4" time="14.062" errors="0" timestamp="2022-12-02T13:07:31 BDT" skipped="0">
  <testcase classname="tests.AccountCreate4" name="createAccount" time="14.062"/>
  <system-out/>
</testsuite> <!-- tests.AccountCreate4 -->
