<?xml version="1.0" encoding="UTF-8"?>
<!-- Generated by org.testng.reporters.JUnitReportReporter -->
<testsuite hostname="DESKTOP-9JTIR56" failures="0" tests="2" name="tests.AccountCreate" time="28.974" errors="0" timestamp="2022-12-02T13:07:31 BDT" skipped="0">
  <testcase classname="tests.AccountCreate" name="createAccount" time="3.298"/>
  <system-out/>
  <testcase classname="tests.AccountCreate" name="ClickOnSignIn" time="25.676"/>
  <system-out/>
</testsuite> <!-- tests.AccountCreate -->
