<?xml version="1.0" encoding="UTF-8"?>
<!-- Generated by org.testng.reporters.JUnitReportReporter -->
<testsuite hostname="DESKTOP-9JTIR56" failures="0" tests="3" name="tests.AccountCreate2" time="17.943" errors="0" timestamp="2022-12-02T13:07:31 BDT" skipped="0">
  <testcase classname="tests.AccountCreate2" name="AuthorSelect" time="2.414"/>
  <system-out/>
  <testcase classname="tests.AccountCreate2" name="ClickOnSignIn" time="10.603"/>
  <system-out/>
  <testcase classname="tests.AccountCreate2" name="bookCollect" time="4.926"/>
  <system-out/>
</testsuite> <!-- tests.AccountCreate2 -->
